lastErrorCode_:s
xhrOptions_:L
count:O
disposeInternal:f
ieProgId_:X
inSend_:D
draw:Q
propagationStopped_:l
createObject:B
time:xa
dependentDisposables_:Ea
xmlHttpFactory_:n
getKeys:r
customEvent_:ga
exception_:ma
timeout_:Ma
parent_:H
setLevel:ua
level_:u
responseType_:ta
nextId_:Ia
commentCount_:ea
exceptionText_:la
time_:Ta
init:F
sequenceNumber_:La
itemsContainer:Z
logger_:d
loggerName_:Qa
events_:p
remaining_:e
onReadyStateChange_:sa
lastMethod_:pa
container:o
returnValue_:I
tracerOverheadStart_:Ba
lastUri_:$
outstandingEvents_:aa
errorDispatched_:R
timeoutId_:k
comment:Ca
statPool_:wa
locked_:G
timeoutInterval_:J
count_:b
line:Pa
tracerCount_:ya
eventPool_:S
keys_:c
disposeObjectFn_:ia
eventType:T
name_:Ha
startTime_:va
superClass_:z
__iterator__:M
createObjectFn_:fa
children_:N
listener:v
isFunctionListener_:oa
idPool_:W
freeQueue_:q
varAlloc:ca
cachedOptions_:A
event_:U
getValues:C
inAbort_:j
onReadyStateChangeEntryPoint_:Ja
map_:g
msg_:Ga
needsCleanup_:ra
defaultPrevented:ha
platformModifierKey:Ka
active_:h
dispose:i
parentEventTarget_:ba
inOpen_:Y
handlers_:na
version_:K
messagePattern:Ra
stopTime:Sa
xhr_:a
stats_:w
disposed_:ja
disposeObject:P
defaultThreshold_:Da
callOnce:da
lastError_:t
withCredentials_:Oa
removed:m
tracerOverheadComment_:za
eventTime:ka
tracerOverheadEnd_:Aa
getLogRecord:Fa
totalVarAlloc:Na
maxCount_:qa
handler:V
