JSCompiler_StaticMethods_formatMsg_:Z
goog$string$allRe_:ma
goog$net$XhrIo$send:Vb
goog$getUid:w
JSCompiler_StaticMethods_getProgId_:Qb
JSCompiler_alias_FALSE:m
goog$isArrayLike:t
goog$userAgent$detectedIe_:sa
goog$debug$Error:G
goog$debug$fnNameCache_:M
goog$events$removeAll:Cb
goog$debug$getStacktraceHelper_:$a
JSCompiler_StaticMethods_cleanUpXhr_:Zb
JSCompiler_StaticMethods_bindEvents:dc
todo$App:cc
goog$debug$LogManager$rootLogger_:kb
L 0:a
goog$bindNative_:ga
L 1:b
L 2:c
L 3:d
goog$isString:v
goog$userAgent$isDocumentModeCache_:Ia
goog$array$forEach:Ta
todo$Bootstrapper:fc
goog$iter$StopIteration:J
JSCompiler_StaticMethods_createNewTodo:ec
L 9:p
L 8:o
L 7:l
L 6:g
L 5:e
goog$object$getKeys:Pa
L 4:f
goog$userAgent$isVersion:F
operaVersion$$inline_29:Da
goog$net$XmlHttpFactory:Mb
docMode$$inline_31:Fa
todo$TodoItem:Fb
goog$iter$toIterator:Ua
goog$userAgent$GECKO:C
goog$debug$LogRecord$nextSequenceNumber_:db
goog$UID_PROPERTY_:ea
goog$userAgent$detectedOpera_:A
goog$userAgent$MAC:Aa
goog$reflect$sinkValue:wb
navigator$$inline_16:xa
goog$debug$LogRecord:P
navigator$$inline_19:za
goog$string$subs:ka
goog$net$XmlHttp$factory_:Nb
goog$userAgent$detectedWebkit_:ta
goog$inherits:z
goog$debug$Logger$Level$CONFIG:gb
JSCompiler_StaticMethods_error_:Xb
goog$string$htmlEscape:la
goog$object$getValues:Oa
goog$debug$getStacktrace:Za
goog$object$PROTOTYPE_FIELDS_:Qa
todo$App$SEVERITY_CLASS_NAME:Hb
goog$partial:ia
goog$userAgent$getUserAgentString:va
goog$debug$getFunctionName:ab
goog$string$quotRe_:qa
goog$debug$Logger$Level$WARNING:fb
goog$object$forEach:Na
goog$events$BrowserFeature$HAS_W3C_EVENT_SUPPORT:ub
goog$debug$Logger$Level$FINE:hb
goog$typeOf:s
goog$net$XhrIo$cleanupSend_:Wb
goog$events$unlistenByKey:Ab
goog$userAgent$WEBKIT:D
version$$inline_27:Ca
goog$events$EventTarget:Jb
goog$net$XhrIo:Sb
goog$debug$Trace_$formatTime_:rb
JSCompiler_alias_TRUE:j
goog$userAgent$detectedGecko_:ua
goog$events$handleBrowserEvent_:yb
goog$events$unlisten:zb
goog$userAgent$isVersionCache_:Ha
goog$events$Listener$counter_:tb
goog$events$listeners_:V
goog$uri$utils$splitRe_:Ma
JSCompiler_StaticMethods_dispatchErrors_:Yb
goog$string$gtRe_:pa
JSCompiler_StaticMethods_releaseObject:cb
goog$debug$Logger$Level:R
goog$events$Event:T
goog$string$amperRe_:na
goog$events$BrowserFeature$SET_KEY_CODE_TO_PREVENT_DEFAULT:vb
goog$events$listenerTree_:W
goog$events$BrowserEvent:U
goog$events$listen:Y
goog$nullFunction:da
goog$events$cleanUp_:Bb
goog$iter$Iterator:K
arr$$inline_30:Ea
JSCompiler_StaticMethods_toTraceString:pb
goog$json$parse:Lb
goog$asserts$fail:La
JSCompiler_StaticMethods_internalGetOptions:Rb
JSCompiler_StaticMethods_onReadyStateChangeHelper_:$b
goog$structs$getValues:Wa
goog$events$Listener:sb
goog$debug$Trace_:mb
goog$debug$LogManager$loggers_:jb
JSCompiler_prototypeAlias:n
goog$bind:y
goog$debug$Logger:Q
goog$now:ja
goog$debug$Trace_$Stat_:ob
goog$Timer$defaultTimerObject:Kb
JSCompiler_StaticMethods_fine:S
re$$inline_28:E
goog$userAgent$VERSION:Ba
goog$string$compareElements_:ra
doc$$inline_270:Ga
goog$bindJs_:ha
JSCompiler_alias_VOID:i
JSCompiler_StaticMethods_getEffectiveLevel:ib
goog$userAgent$OPERA:ya
goog$asserts$AssertionError:Ka
goog$events$onStringMap_:X
goog$Disposable:N
goog$userAgent$IE:B
JSCompiler_alias_NULL:k
goog$structs$SimplePool:O
goog$getObjectByName:ca
goog$uidCounter_:fa
L 13:u
goog$global:q
goog$events$fireListeners_:Db
L 11:r
JSCompiler_StaticMethods_getStatus:bc
goog$events$fireListener:Eb
L 12:aa
JSCompiler_StaticMethods_getReadyState:ac
todo$App$SEVERITY:Ib
goog$net$XhrIo$HTTP_SCHEME_PATTERN:Tb
JSCompiler_StaticMethods_createInstance:Pb
L 10:x
goog$array$ARRAY_PROTOTYPE_:I
goog$disposeAll:bb
goog$structs$Map:L
goog$events$getProxy:xb
goog$debug$Trace_$Event_:nb
goog$dom$htmlToDocumentFragment_:Gb
JSCompiler_StaticMethods_cleanupKeysArray_:Ya
goog$debug$LogManager$getLogger:lb
goog$debug$Trace_$longToPaddedString_:qb
goog$array$indexOf:Sa
goog$debug$Logger$Level$SEVERE:eb
goog$object$extend:Ra
goog:ba
goog$string$ltRe_:oa
goog$userAgent$isDocumentMode:Ja
goog$iter$forEach:Va
goog$net$DefaultXmlHttpFactory:Ob
goog$structs$forEach:Xa
ua$$inline_15:wa
goog$events$sources_:H
goog$net$XhrIo$sendInstances_:Ub
JSCompiler_alias_THROW:h
